<?xml version="1.0" encoding="UTF-8"?>
<testng-results skipped="0" failed="0" ignored="0" total="1" passed="1">
  <reporter-output>
  </reporter-output>
  <suite name="Default suite" duration-ms="5404" started-at="2019-05-15T12:16:36Z" finished-at="2019-05-15T12:16:41Z">
    <groups>
    </groups>
    <test name="Default test" duration-ms="5404" started-at="2019-05-15T12:16:36Z" finished-at="2019-05-15T12:16:41Z">
      <class name="com.test.WindowsLoginTest">
        <test-method status="PASS" signature="login()[pri:0, instance:com.test.WindowsLoginTest@224edc67]" name="login" duration-ms="5380" started-at="2019-05-15T12:16:36Z" finished-at="2019-05-15T12:16:41Z">
          <reporter-output>
          </reporter-output>
        </test-method> <!-- login -->
      </class> <!-- com.test.WindowsLoginTest -->
    </test> <!-- Default test -->
  </suite> <!-- Default suite -->
</testng-results>
